  Engine.cpp
g:\0.workspace\dx11_learn\cargame\cwldx11game\graphics\camera.h(18): warning C4091: “static ”: 没有声明变量时忽略“Camera::CameraType”的左侧
g:\0.workspace\dx11_learn\cargame\cwldx11game\gameobject\gamemaphelper.h(12): warning C4244: “初始化”: 从“float”转换到“int”，可能丢失数据
g:\0.workspace\dx11_learn\cargame\cwldx11game\engine.cpp(85): warning C4244: “参数”: 从“double”转换到“float”，可能丢失数据
  GameMapHelper.cpp
g:\0.workspace\dx11_learn\cargame\cwldx11game\gameobject\gamemaphelper.h(12): warning C4244: “初始化”: 从“float”转换到“int”，可能丢失数据
g:\0.workspace\dx11_learn\cargame\cwldx11game\gameobject\gamemaphelper.cpp(30): warning C4244: “初始化”: 从“int”转换到“float”，可能丢失数据
g:\0.workspace\dx11_learn\cargame\cwldx11game\gameobject\gamemaphelper.cpp(31): warning C4244: “初始化”: 从“int”转换到“float”，可能丢失数据
  Graphics.cpp
g:\0.workspace\dx11_learn\cargame\cwldx11game\graphics\camera.h(18): warning C4091: “static ”: 没有声明变量时忽略“Camera::CameraType”的左侧
g:\0.workspace\dx11_learn\cargame\cwldx11game\gameobject\gamemaphelper.h(12): warning C4244: “初始化”: 从“float”转换到“int”，可能丢失数据
  MainWindow.cpp
g:\0.workspace\dx11_learn\cargame\cwldx11game\graphics\camera.h(18): warning C4091: “static ”: 没有声明变量时忽略“Camera::CameraType”的左侧
g:\0.workspace\dx11_learn\cargame\cwldx11game\gameobject\gamemaphelper.h(12): warning C4244: “初始化”: 从“float”转换到“int”，可能丢失数据
  WindowContainer.cpp
g:\0.workspace\dx11_learn\cargame\cwldx11game\graphics\camera.h(18): warning C4091: “static ”: 没有声明变量时忽略“Camera::CameraType”的左侧
g:\0.workspace\dx11_learn\cargame\cwldx11game\gameobject\gamemaphelper.h(12): warning C4244: “初始化”: 从“float”转换到“int”，可能丢失数据
g:\0.workspace\dx11_learn\cargame\cwldx11game\windowcontainer.cpp(34): warning C4244: “参数”: 从“WPARAM”转换到“const int”，可能丢失数据
  main.cpp
g:\0.workspace\dx11_learn\cargame\cwldx11game\graphics\camera.h(18): warning C4091: “static ”: 没有声明变量时忽略“Camera::CameraType”的左侧
g:\0.workspace\dx11_learn\cargame\cwldx11game\gameobject\gamemaphelper.h(12): warning C4244: “初始化”: 从“float”转换到“int”，可能丢失数据
  正在生成代码
g:\0.workspace\dx11_learn\cargame\cwldx11game\gameobject\gamemaphelper.cpp(38): warning C4715: “GameMapHelper::InitMaze”: 不是所有的控件路径都返回值
  4 of 1293 functions ( 0.3%) were compiled, the rest were copied from previous compilation.
    2 functions were new in current compilation
    1 functions had inline decision re-evaluated but remain unchanged
  已完成代码的生成
  CWLDX11Game.vcxproj -> G:\0.workspace\dx11_learn\CarGame\x64\Release\CWLDX11Game.exe
