g:\0.workspace\dx11_learn\cargame\cwldx11game\x64\debug\vc141.pdb
g:\0.workspace\dx11_learn\cargame\cwldx11game\x64\debug\vc141.idb
g:\0.workspace\dx11_learn\cargame\cwldx11game\x64\debug\main.obj
g:\0.workspace\dx11_learn\cargame\cwldx11game\x64\debug\keyboardevent.obj
g:\0.workspace\dx11_learn\cargame\cwldx11game\x64\debug\keyboardclass.obj
g:\0.workspace\dx11_learn\cargame\cwldx11game\x64\debug\vertex.obj
g:\0.workspace\dx11_learn\cargame\cwldx11game\x64\debug\texture.obj
g:\0.workspace\dx11_learn\cargame\cwldx11game\x64\debug\shaders.obj
g:\0.workspace\dx11_learn\cargame\cwldx11game\x64\debug\model.obj
g:\0.workspace\dx11_learn\cargame\cwldx11game\x64\debug\mesh.obj
g:\0.workspace\dx11_learn\cargame\cwldx11game\x64\debug\lighthelper.obj
g:\0.workspace\dx11_learn\cargame\cwldx11game\x64\debug\graphics.obj
g:\0.workspace\dx11_learn\cargame\cwldx11game\x64\debug\geometryfactory.obj
g:\0.workspace\dx11_learn\cargame\cwldx11game\x64\debug\camera.obj
g:\0.workspace\dx11_learn\cargame\cwldx11game\x64\debug\adapterreader.obj
g:\0.workspace\dx11_learn\cargame\cwldx11game\x64\debug\engine.obj
g:\0.workspace\dx11_learn\cargame\cwldx11game\x64\debug\defaultcar.obj
g:\0.workspace\dx11_learn\cargame\cwldx11game\x64\debug\box.obj
g:\0.workspace\dx11_learn\cargame\cwldx11game\x64\debug\gamemaphelper.obj
g:\0.workspace\dx11_learn\cargame\cwldx11game\x64\debug\cylinder.obj
g:\0.workspace\dx11_learn\cargame\cwldx11game\x64\debug\collisiondetection.obj
g:\0.workspace\dx11_learn\cargame\cwldx11game\x64\debug\mathtools.obj
g:\0.workspace\dx11_learn\cargame\cwldx11game\x64\debug\windowcontainer.obj
g:\0.workspace\dx11_learn\cargame\cwldx11game\x64\debug\stringconverter.obj
g:\0.workspace\dx11_learn\cargame\cwldx11game\x64\debug\errorlogger.obj
g:\0.workspace\dx11_learn\cargame\cwldx11game\x64\debug\skybox.obj
g:\0.workspace\dx11_learn\cargame\cwldx11game\x64\debug\mouseevent.obj
g:\0.workspace\dx11_learn\cargame\cwldx11game\x64\debug\mouseclass.obj
g:\0.workspace\dx11_learn\cargame\cwldx11game\x64\debug\mainwindow.obj
g:\0.workspace\dx11_learn\cargame\x64\debug\pixelshader.cso
g:\0.workspace\dx11_learn\cargame\x64\debug\vertexshader.cso
g:\0.workspace\dx11_learn\cargame\x64\debug\cwldx11game.exe
g:\0.workspace\dx11_learn\cargame\x64\debug\cwldx11game.ilk
g:\0.workspace\dx11_learn\cargame\x64\debug\cwldx11game.pdb
g:\0.workspace\dx11_learn\cargame\cwldx11game\x64\debug\cwldx11game.tlog\cl.command.1.tlog
g:\0.workspace\dx11_learn\cargame\cwldx11game\x64\debug\cwldx11game.tlog\cl.read.1.tlog
g:\0.workspace\dx11_learn\cargame\cwldx11game\x64\debug\cwldx11game.tlog\cl.write.1.tlog
g:\0.workspace\dx11_learn\cargame\cwldx11game\x64\debug\cwldx11game.tlog\fxc.command.1.tlog
g:\0.workspace\dx11_learn\cargame\cwldx11game\x64\debug\cwldx11game.tlog\fxc.read.1.tlog
g:\0.workspace\dx11_learn\cargame\cwldx11game\x64\debug\cwldx11game.tlog\fxc.write.1.tlog
g:\0.workspace\dx11_learn\cargame\cwldx11game\x64\debug\cwldx11game.tlog\link.command.1.tlog
g:\0.workspace\dx11_learn\cargame\cwldx11game\x64\debug\cwldx11game.tlog\link.read.1.tlog
g:\0.workspace\dx11_learn\cargame\cwldx11game\x64\debug\cwldx11game.tlog\link.write.1.tlog
